
CodeIgniter v4.6.3 Command Line Tool - Server Time: 2025-09-01 05:36:30 UTC+00:00

ISO Class: 7
Status: Alarm
0.3um = 14223118 pcs/L
0.5um = 3965613 pcs/L
1.0um = 331754 pcs/L
5.0um = 27271 pcs/L
Data tersimpan ke DB!
ISO Class: 7
Status: Normal
0.3um = 133396 pcs/L
0.5um = 33495 pcs/L
1.0um = 4040 pcs/L
5.0um = 193 pcs/L
Data tersimpan ke DB!
ISO Class: 7
Status: Normal
0.3um = 133048 pcs/L
0.5um = 33296 pcs/L
1.0um = 3996 pcs/L
5.0um = 180 pcs/L
Data tersimpan ke DB!
ISO Class: 7
Status: Normal
0.3um = 133428 pcs/L
0.5um = 33364 pcs/L
1.0um = 3932 pcs/L
5.0um = 183 pcs/L
Data tersimpan ke DB!
ISO Class: 7
Status: Normal
0.3um = 133351 pcs/L
0.5um = 33340 pcs/L
1.0um = 3893 pcs/L
5.0um = 174 pcs/L
Data tersimpan ke DB!
ISO Class: 7
Status: Normal
0.3um = 133677 pcs/L
0.5um = 33436 pcs/L
1.0um = 3878 pcs/L
5.0um = 178 pcs/L
Data tersimpan ke DB!
ISO Class: 7
Status: Normal
0.3um = 133634 pcs/L
0.5um = 33508 pcs/L
1.0um = 3873 pcs/L
5.0um = 189 pcs/L
Data tersimpan ke DB!
ISO Class: 7
Status: Normal
0.3um = 133820 pcs/L
0.5um = 33431 pcs/L
1.0um = 3822 pcs/L
5.0um = 195 pcs/L
Data tersimpan ke DB!
ISO Class: 7
Status: Normal
0.3um = 134365 pcs/L
0.5um = 33579 pcs/L
1.0um = 3834 pcs/L
5.0um = 203 pcs/L
Data tersimpan ke DB!
ISO Class: 7
Status: Normal
0.3um = 133539 pcs/L
0.5um = 33458 pcs/L
1.0um = 3910 pcs/L
5.0um = 203 pcs/L
Data tersimpan ke DB!
ISO Class: 7
Status: Normal
0.3um = 133610 pcs/L
0.5um = 33673 pcs/L
1.0um = 3952 pcs/L
5.0um = 212 pcs/L
Data tersimpan ke DB!
Sensor belum ON, tunggu ...
Sensor tidak menyala selama 10 detik. Proses dihentikan.
